
> dev
> nuxt dev

│
●  Nuxt 4.4.2 (with Nitro 2.13.2, Vite 7.3.1 and Vue 3.5.30)

  ➜ Local:    http://localhost:3000/
  ➜ Network:  use --host to expose

  ➜ DevTools: press Shift + Option + D in the browser (v3.2.4)

ℹ Re-optimizing dependencies because vite config has changed
✔ Vite client built in 22ms
✔ Vite server built in 24ms
[nitro] ✔ Nuxt Nitro server built in 557ms
ℹ Vite server warmed up in 1ms
ℹ Vite client warmed up in 3ms

 ERROR  [unhandledRejection] Template not found: /Users/zhuxiling/vue项目-医院陪诊系统/pzadmin/backend/node_modules/@nuxt/devtools/dist/runtime/vue-devtools-client.js

    at normalizeTemplate (/Users/zhuxiling/vue%E9%A1%B9%E7%9B%AE-%E5%8C%BB%E9%99%A2%E9%99%AA%E8%AF%8A%E7%B3%BB%E7%BB%9F/pzadmin/backend/node_modules/@nuxt/kit/dist/index.mjs:1489:40)
    at /Users/zhuxiling/vue%E9%A1%B9%E7%9B%AE-%E5%8C%BB%E9%99%A2%E9%99%AA%E8%AF%8A%E7%B3%BB%E7%BB%9F/pzadmin/backend/node_modules/nuxt/dist/index.mjs:8054:47
    at Array.map (<anonymous>)
    at generateApp (/Users/zhuxiling/vue%E9%A1%B9%E7%9B%AE-%E5%8C%BB%E9%99%A2%E9%99%AA%E8%AF%8A%E7%B3%BB%E7%BB%9F/pzadmin/backend/node_modules/nuxt/dist/index.mjs:8054:33)
    at async _applyPromised (/Users/zhuxiling/vue%E9%A1%B9%E7%9B%AE-%E5%8C%BB%E9%99%A2%E9%99%AA%E8%AF%8A%E7%B3%BB%E7%BB%9F/pzadmin/backend/node_modules/perfect-debounce/dist/index.mjs:85:9)


 ERROR  [unhandledRejection] Template not found: /Users/zhuxiling/vue项目-医院陪诊系统/pzadmin/backend/node_modules/@nuxt/devtools/dist/runtime/vue-devtools-client.js

    at normalizeTemplate (/Users/zhuxiling/vue%E9%A1%B9%E7%9B%AE-%E5%8C%BB%E9%99%A2%E9%99%AA%E8%AF%8A%E7%B3%BB%E7%BB%9F/pzadmin/backend/node_modules/@nuxt/kit/dist/index.mjs:1489:40)
    at /Users/zhuxiling/vue%E9%A1%B9%E7%9B%AE-%E5%8C%BB%E9%99%A2%E9%99%AA%E8%AF%8A%E7%B3%BB%E7%BB%9F/pzadmin/backend/node_modules/nuxt/dist/index.mjs:8054:47
    at Array.map (<anonymous>)
    at generateApp (/Users/zhuxiling/vue%E9%A1%B9%E7%9B%AE-%E5%8C%BB%E9%99%A2%E9%99%AA%E8%AF%8A%E7%B3%BB%E7%BB%9F/pzadmin/backend/node_modules/nuxt/dist/index.mjs:8054:33)
    at async _applyPromised (/Users/zhuxiling/vue%E9%A1%B9%E7%9B%AE-%E5%8C%BB%E9%99%A2%E9%99%AA%E8%AF%8A%E7%B3%BB%E7%BB%9F/pzadmin/backend/node_modules/perfect-debounce/dist/index.mjs:85:9)


[nitro]  ERROR  RollupError: Could not resolve entry module "../pzadmin/backend/node_modules/nitropack/dist/presets/_nitro/runtime/nitro-dev".


undefined

node:internal/modules/cjs/loader:1404
  throw err;
  ^

Error: Cannot find module '/Users/zhuxiling/vue项目-医院陪诊系统/pzadmin/backend/node_modules/@nuxt/cli/dist/dev/index.mjs'
    at Function._resolveFilename (node:internal/modules/cjs/loader:1401:15)
    at defaultResolveImpl (node:internal/modules/cjs/loader:1057:19)
    at resolveForCJSWithHooks (node:internal/modules/cjs/loader:1062:22)
    at Function._load (node:internal/modules/cjs/loader:1211:37)
    at TracingChannel.traceSync (node:diagnostics_channel:322:14)
    at wrapModuleLoad (node:internal/modules/cjs/loader:235:24)
    at Function.executeUserEntryPoint [as runMain] (node:internal/modules/run_main:170:5)
    at node:internal/main/run_main_module:36:49 {
  code: 'MODULE_NOT_FOUND',
  requireStack: []
}

Node.js v22.15.0
│
●  Restarting Nuxt due to error: Error: Cannot resolve module "@nuxt/kit" (from: /Users/zhuxiling/vue项目-医院陪诊系统/pzBackend/)
│
●  Restarting Nuxt due to error: Error: Cannot resolve module "@nuxt/kit" (from: /Users/zhuxiling/vue项目-医院陪诊系统/pzBackend/)
node:internal/modules/cjs/loader:1404
  throw err;
  ^

Error: Cannot find module '/Users/zhuxiling/vue项目-医院陪诊系统/pzadmin/backend/node_modules/@nuxt/cli/dist/dev/index.mjs'
    at Function._resolveFilename (node:internal/modules/cjs/loader:1401:15)
    at defaultResolveImpl (node:internal/modules/cjs/loader:1057:19)
    at resolveForCJSWithHooks (node:internal/modules/cjs/loader:1062:22)
    at Function._load (node:internal/modules/cjs/loader:1211:37)
    at TracingChannel.traceSync (node:diagnostics_channel:322:14)
    at wrapModuleLoad (node:internal/modules/cjs/loader:235:24)
    at Function.executeUserEntryPoint [as runMain] (node:internal/modules/run_main:170:5)
    at node:internal/main/run_main_module:36:49 {
  code: 'MODULE_NOT_FOUND',
  requireStack: []
}

Node.js v22.15.0
